# JRE version: OpenJDK Runtime Environment Microsoft-7208460 (11.0.18+10) (build 11.0.18+10-LTS)
# Java VM: OpenJDK 64-Bit Server VM Microsoft-7208460 (11.0.18+10-LTS, mixed mode, tiered, compressed oops, g1 gc, windows-amd64)
Heap:
 garbage-first heap   total 126976K, used 62691K [0x0000000080000000, 0x0000000100000000)
  region size 1024K, 44 young (45056K), 4 survivors (4096K)
 Metaspace       used 38771K, capacity 39702K, committed 40016K, reserved 550912K
  class space    used 4937K, capacity 5292K, committed 5376K, reserved 516096K
GC Heap History (16 events):
Event: 10.872 GC heap before
{Heap before GC invocations=0 (full 0):
 garbage-first heap   total 126976K, used 16384K [0x0000000080000000, 0x0000000100000000)
  region size 1024K, 14 young (14336K), 0 survivors (0K)
 Metaspace       used 6738K, capacity 6921K, committed 7168K, reserved 524288K
  class space    used 571K, capacity 650K, committed 768K, reserved 516096K
}
Event: 11.463 GC heap after
{Heap after GC invocations=1 (full 0):
 garbage-first heap   total 126976K, used 3879K [0x0000000080000000, 0x0000000100000000)
  region size 1024K, 2 young (2048K), 2 survivors (2048K)
 Metaspace       used 6738K, capacity 6921K, committed 7168K, reserved 524288K
  class space    used 571K, capacity 650K, committed 768K, reserved 516096K
}
Event: 13.381 GC heap before
{Heap before GC invocations=1 (full 0):
 garbage-first heap   total 126976K, used 18215K [0x0000000080000000, 0x0000000100000000)
  region size 1024K, 13 young (13312K), 2 survivors (2048K)
 Metaspace       used 9813K, capacity 10016K, committed 10112K, reserved 526336K
  class space    used 1000K, capacity 1069K, committed 1152K, reserved 516096K
}
Event: 13.386 GC heap after
{Heap after GC invocations=2 (full 0):
 garbage-first heap   total 126976K, used 9206K [0x0000000080000000, 0x0000000100000000)
  region size 1024K, 2 young (2048K), 2 survivors (2048K)
 Metaspace       used 9813K, capacity 10016K, committed 10112K, reserved 526336K
  class space    used 1000K, capacity 1069K, committed 1152K, reserved 516096K
}
Event: 22.345 GC heap before
{Heap before GC invocations=2 (full 0):
 garbage-first heap   total 126976K, used 40950K [0x0000000080000000, 0x0000000100000000)
  region size 1024K, 32 young (32768K), 2 survivors (2048K)
 Metaspace       used 10959K, capacity 11133K, committed 11264K, reserved 526336K
  class space    used 1113K, capacity 1207K, committed 1280K, reserved 516096K
}
Event: 22.352 GC heap after
{Heap after GC invocations=3 (full 0):
 garbage-first heap   total 126976K, used 12855K [0x0000000080000000, 0x0000000100000000)
  region size 1024K, 4 young (4096K), 4 survivors (4096K)
 Metaspace       used 10959K, capacity 11133K, committed 11264K, reserved 526336K
  class space    used 1113K, capacity 1207K, committed 1280K, reserved 516096K
}
Event: 41.900 GC heap before
{Heap before GC invocations=3 (full 0):
 garbage-first heap   total 126976K, used 55863K [0x0000000080000000, 0x0000000100000000)
  region size 1024K, 46 young (47104K), 4 survivors (4096K)
 Metaspace       used 18253K, capacity 18629K, committed 18688K, reserved 532480K
  class space    used 2131K, capacity 2282K, committed 2304K, reserved 516096K
}
Event: 42.041 GC heap after
{Heap after GC invocations=4 (full 0):
 garbage-first heap   total 126976K, used 16535K [0x0000000080000000, 0x0000000100000000)
  region size 1024K, 6 young (6144K), 6 survivors (6144K)
 Metaspace       used 18253K, capacity 18629K, committed 18688K, reserved 532480K
  class space    used 2131K, capacity 2282K, committed 2304K, reserved 516096K
}
Event: 45.868 GC heap before
{Heap before GC invocations=4 (full 0):
 garbage-first heap   total 126976K, used 35991K [0x0000000080000000, 0x0000000100000000)
  region size 1024K, 26 young (26624K), 6 survivors (6144K)
 Metaspace       used 20726K, capacity 21218K, committed 21296K, reserved 536576K
  class space    used 2471K, capacity 2658K, committed 2688K, reserved 516096K
}
Event: 45.875 GC heap after
{Heap after GC invocations=5 (full 0):
 garbage-first heap   total 126976K, used 17455K [0x0000000080000000, 0x0000000100000000)
  region size 1024K, 5 young (5120K), 5 survivors (5120K)
 Metaspace       used 20726K, capacity 21218K, committed 21296K, reserved 536576K
  class space    used 2471K, capacity 2658K, committed 2688K, reserved 516096K
}
Event: 53.715 GC heap before
{Heap before GC invocations=6 (full 0):
 garbage-first heap   total 126976K, used 68655K [0x0000000080000000, 0x0000000100000000)
  region size 1024K, 55 young (56320K), 5 survivors (5120K)
 Metaspace       used 25988K, capacity 26621K, committed 26800K, reserved 540672K
  class space    used 3322K, capacity 3548K, committed 3584K, reserved 516096K
}
Event: 53.723 GC heap after
{Heap after GC invocations=7 (full 0):
 garbage-first heap   total 126976K, used 19294K [0x0000000080000000, 0x0000000100000000)
  region size 1024K, 3 young (3072K), 3 survivors (3072K)
 Metaspace       used 25988K, capacity 26621K, committed 26800K, reserved 540672K
  class space    used 3322K, capacity 3548K, committed 3584K, reserved 516096K
}
Event: 64.768 GC heap before
{Heap before GC invocations=7 (full 0):
 garbage-first heap   total 126976K, used 86878K [0x0000000080000000, 0x0000000100000000)
  region size 1024K, 69 young (70656K), 3 survivors (3072K)
 Metaspace       used 33314K, capacity 34047K, committed 34352K, reserved 546816K
  class space    used 4326K, capacity 4623K, committed 4736K, reserved 516096K
}
Event: 64.778 GC heap after
{Heap after GC invocations=8 (full 0):
 garbage-first heap   total 126976K, used 21834K [0x0000000080000000, 0x0000000100000000)
  region size 1024K, 6 young (6144K), 6 survivors (6144K)
 Metaspace       used 33314K, capacity 34047K, committed 34352K, reserved 546816K
  class space    used 4326K, capacity 4623K, committed 4736K, reserved 516096K
}
Event: 65.241 GC heap before
{Heap before GC invocations=8 (full 0):
 garbage-first heap   total 126976K, used 23882K [0x0000000080000000, 0x0000000100000000)
  region size 1024K, 9 young (9216K), 6 survivors (6144K)
 Metaspace       used 35008K, capacity 35761K, committed 35920K, reserved 548864K
  class space    used 4475K, capacity 4790K, committed 4864K, reserved 516096K
}
Event: 65.273 GC heap after
{Heap after GC invocations=9 (full 0):
 garbage-first heap   total 126976K, used 22755K [0x0000000080000000, 0x0000000100000000)
  region size 1024K, 4 young (4096K), 4 survivors (4096K)
 Metaspace       used 35008K, capacity 35761K, committed 35920K, reserved 548864K
  class space    used 4475K, capacity 4790K, committed 4864K, reserved 516096K
}

